0 info it worked if it ends with ok
1 verbose cli [ '/usr/bin/node', '/usr/bin/npm', 'start' ]
2 info using npm@3.5.2
3 info using node@v5.3.0
4 verbose run-script [ 'prestart', 'start', 'poststart' ]
5 info lifecycle monitorMap@0.2.0~prestart: monitorMap@0.2.0
6 silly lifecycle monitorMap@0.2.0~prestart: no script for prestart, continuing
7 info lifecycle monitorMap@0.2.0~start: monitorMap@0.2.0
8 verbose lifecycle monitorMap@0.2.0~start: unsafe-perm in lifecycle true
9 verbose lifecycle monitorMap@0.2.0~start: PATH: /usr/lib/node_modules/npm/bin/node-gyp-bin:/home/geno/project/ffhb/monitorMap/node_modules/.bin:/usr/local/sbin:/usr/local/bin:/usr/bin:/opt/android-sdk/platform-tools:/opt/android-sdk/tools:/usr/lib/jvm/default/bin:/usr/bin/site_perl:/usr/bin/vendor_perl:/usr/bin/core_perl:/home/geno/project/bin/:/home/geno/.gem/ruby/2.2.0/bin/
10 verbose lifecycle monitorMap@0.2.0~start: CWD: /home/geno/project/ffhb/monitorMap
11 silly lifecycle monitorMap@0.2.0~start: Args: [ '-c', 'coffee server.coffee' ]
12 silly lifecycle monitorMap@0.2.0~start: Returned: code: 1  signal: null
13 info lifecycle monitorMap@0.2.0~start: Failed to exec start script
14 verbose stack Error: monitorMap@0.2.0 start: `coffee server.coffee`
14 verbose stack Exit status 1
14 verbose stack     at EventEmitter.<anonymous> (/usr/lib/node_modules/npm/lib/utils/lifecycle.js:232:16)
14 verbose stack     at emitTwo (events.js:87:13)
14 verbose stack     at EventEmitter.emit (events.js:172:7)
14 verbose stack     at ChildProcess.<anonymous> (/usr/lib/node_modules/npm/lib/utils/spawn.js:24:14)
14 verbose stack     at emitTwo (events.js:87:13)
14 verbose stack     at ChildProcess.emit (events.js:172:7)
14 verbose stack     at maybeClose (internal/child_process.js:818:16)
14 verbose stack     at Process.ChildProcess._handle.onexit (internal/child_process.js:211:5)
15 verbose pkgid monitorMap@0.2.0
16 verbose cwd /home/geno/project/ffhb/monitorMap
17 error Linux 4.2.5-1-ARCH
18 error argv "/usr/bin/node" "/usr/bin/npm" "start"
19 error node v5.3.0
20 error npm  v3.5.2
21 error code ELIFECYCLE
22 error monitorMap@0.2.0 start: `coffee server.coffee`
22 error Exit status 1
23 error Failed at the monitorMap@0.2.0 start script 'coffee server.coffee'.
23 error Make sure you have the latest version of node.js and npm installed.
23 error If you do, this is most likely a problem with the monitorMap package,
23 error not with npm itself.
23 error Tell the author that this fails on your system:
23 error     coffee server.coffee
23 error You can get information on how to open an issue for this project with:
23 error     npm bugs monitorMap
23 error Or if that isn't available, you can get their info via:
23 error     npm owner ls monitorMap
23 error There is likely additional logging output above.
24 verbose exit [ 1, true ]
